[25/Nov/2014 14:03:27] "GET http://www.soso.com/ HTTP/1.1" 404 1648
[25/Nov/2014 19:19:07] "GET http://6.url.cn/zc/chs/img/body.png HTTP/1.1" 404 1689
[26/Nov/2014 22:19:06] "GET / HTTP/1.1" 200 43607
[29/Nov/2014 07:27:10] "GET http://www.soso.com/ HTTP/1.1" 404 1648
[30/Nov/2014 04:14:38] "GET /barber HTTP/1.1" 404 3291
[30/Nov/2014 04:14:42] "GET / HTTP/1.1" 200 43607
[30/Nov/2014 04:14:42] "GET /static/css/bootstrap/bootstrap.min.css HTTP/1.1" 304 0
[30/Nov/2014 04:14:43] "GET /static/css/plugins/owl-carousel/owl.carousel.css HTTP/1.1" 304 0
[30/Nov/2014 04:14:43] "GET /static/css/plugins/owl-carousel/owl.transitions.css HTTP/1.1" 304 0
[30/Nov/2014 04:14:43] "GET /static/font-awesome/css/font-awesome.min.css HTTP/1.1" 304 0
[30/Nov/2014 04:14:43] "GET /static/css/plugins/owl-carousel/owl.theme.css HTTP/1.1" 304 0
[30/Nov/2014 04:14:43] "GET /static/css/plugins/magnific-popup.css HTTP/1.1" 304 0
[30/Nov/2014 04:14:43] "GET /static/css/vitality-red-socks.css HTTP/1.1" 304 0
[30/Nov/2014 04:14:43] "GET /static/css/plugins/jquery.fs.wallpaper.css HTTP/1.1" 304 0
[30/Nov/2014 04:14:43] "GET /static/css/bootstrap/custom.css HTTP/1.1" 304 0
[30/Nov/2014 04:14:43] "GET /static/js/plugins/retina/retina.min.js HTTP/1.1" 304 0
[30/Nov/2014 04:14:43] "GET /static/js/jquery-1.10.2.js HTTP/1.1" 304 0
[30/Nov/2014 04:14:43] "GET /static/js/bootstrap/bootstrap.min.js HTTP/1.1" 304 0
[30/Nov/2014 04:14:43] "GET /static/js/plugins/jquery.easing.min.js HTTP/1.1" 304 0
[30/Nov/2014 04:14:43] "GET /static/js/plugins/classie.js HTTP/1.1" 304 0
[30/Nov/2014 04:14:43] "GET /static/js/plugins/cbpAnimatedHeader.js HTTP/1.1" 304 0
[30/Nov/2014 04:14:43] "GET /static/js/plugins/owl-carousel/owl.carousel.min.js HTTP/1.1" 304 0
[30/Nov/2014 04:14:43] "GET /static/js/plugins/jquery.magnific-popup/jquery.magnific-popup.min.js HTTP/1.1" 304 0
[30/Nov/2014 04:14:43] "GET /static/js/plugins/jquery.fs.wallpaper.js HTTP/1.1" 304 0
[30/Nov/2014 04:14:43] "GET /static/js/plugins/jqBootstrapValidation.js HTTP/1.1" 304 0
[30/Nov/2014 04:14:43] "GET /static/img/socklogosmall.png HTTP/1.1" 304 0
[30/Nov/2014 04:14:43] "GET /static/js/vitality.js HTTP/1.1" 304 0
[30/Nov/2014 04:14:43] "GET /static/demo/style.switcher.js HTTP/1.1" 304 0
[30/Nov/2014 04:14:43] "GET /static/img/coulter.jpg HTTP/1.1" 304 0
[30/Nov/2014 04:14:43] "GET /static/img/rodman.jpg HTTP/1.1" 304 0
[30/Nov/2014 04:14:43] "GET /static/img/these%20are%20socks.png HTTP/1.1" 404 1682
[30/Nov/2014 04:14:43] "GET /static/font-awesome/fonts/fontawesome-webfont.woff?v=4.0.3 HTTP/1.1" 304 0
[30/Nov/2014 04:14:43] "GET /static/img/normalsocks.jpg HTTP/1.1" 304 0
[30/Nov/2014 04:14:43] "GET /static/img/OSCAR.jpg HTTP/1.1" 304 0
[30/Nov/2014 04:14:43] "GET /static/img/weedsocks.jpg HTTP/1.1" 304 0
[30/Nov/2014 04:14:43] "GET /static/img/SOCKS.png HTTP/1.1" 304 0
[30/Nov/2014 04:14:43] "GET /static/img/bg-footer.jpg HTTP/1.1" 304 0
[30/Nov/2014 04:14:43] "GET /static/img/dresssocks.jpg HTTP/1.1" 304 0
[30/Nov/2014 04:14:45] "GET /static/img/socksinboots.jpg HTTP/1.1" 304 0
[30/Nov/2014 04:18:35] "GET / HTTP/1.1" 200 43607
[30/Nov/2014 04:18:35] "GET /static/css/bootstrap/custom.css HTTP/1.1" 200 1371
[30/Nov/2014 04:18:35] "GET /static/font-awesome/css/font-awesome.min.css HTTP/1.1" 200 17780
[30/Nov/2014 04:18:35] "GET /static/css/bootstrap/bootstrap.min.css HTTP/1.1" 200 109519
[30/Nov/2014 04:18:35] "GET /static/css/plugins/owl-carousel/owl.carousel.css HTTP/1.1" 200 1476
[30/Nov/2014 04:18:35] "GET /static/css/plugins/owl-carousel/owl.theme.css HTTP/1.1" 200 1665
[30/Nov/2014 04:18:35] "GET /static/css/plugins/owl-carousel/owl.transitions.css HTTP/1.1" 200 4476
[30/Nov/2014 04:18:35] "GET /static/css/plugins/magnific-popup.css HTTP/1.1" 200 7782
[30/Nov/2014 04:18:35] "GET /static/css/plugins/jquery.fs.wallpaper.css HTTP/1.1" 200 1354
[30/Nov/2014 04:18:35] "GET /static/js/plugins/retina/retina.min.js HTTP/1.1" 200 2575
[30/Nov/2014 04:18:35] "GET /static/css/vitality-red-socks.css HTTP/1.1" 200 23456
[30/Nov/2014 04:18:36] "GET /static/js/bootstrap/bootstrap.min.js HTTP/1.1" 200 29110
[30/Nov/2014 04:18:36] "GET /static/js/plugins/jquery.easing.min.js HTTP/1.1" 200 5564
[30/Nov/2014 04:18:36] "GET /static/js/plugins/classie.js HTTP/1.1" 200 1835
[30/Nov/2014 04:18:36] "GET /static/js/plugins/cbpAnimatedHeader.js HTTP/1.1" 200 881
[30/Nov/2014 04:18:36] "GET /static/js/jquery-1.10.2.js HTTP/1.1" 200 93099
[30/Nov/2014 04:18:36] "GET /static/js/plugins/owl-carousel/owl.carousel.min.js HTTP/1.1" 200 14916
[30/Nov/2014 04:18:36] "GET /static/js/plugins/jquery.magnific-popup/jquery.magnific-popup.min.js HTTP/1.1" 200 20947
[30/Nov/2014 04:18:36] "GET /static/js/vitality.js HTTP/1.1" 200 2857
[30/Nov/2014 04:18:36] "GET /static/js/plugins/jquery.fs.wallpaper.js HTTP/1.1" 200 20246
[30/Nov/2014 04:18:36] "GET /static/js/plugins/jqBootstrapValidation.js HTTP/1.1" 200 36180
[30/Nov/2014 04:18:36] "GET /static/demo/style.switcher.js HTTP/1.1" 200 482
[30/Nov/2014 04:18:36] "GET /static/img/socklogosmall.png HTTP/1.1" 200 26386
[30/Nov/2014 04:18:36] "GET /static/img/rodman.jpg HTTP/1.1" 200 14061
[30/Nov/2014 04:18:36] "GET /static/img/coulter.jpg HTTP/1.1" 200 7982
[30/Nov/2014 04:18:36] "GET /static/img/these%20are%20socks.png HTTP/1.1" 404 1682
[30/Nov/2014 04:18:36] "GET /static/font-awesome/fonts/fontawesome-webfont.woff?v=4.0.3 HTTP/1.1" 200 44432
[30/Nov/2014 04:18:36] "GET / HTTP/1.1" 200 43607
[30/Nov/2014 04:18:36] "GET /static/img/bg-footer.jpg HTTP/1.1" 200 217971
[30/Nov/2014 04:18:38] "GET /static/img/these%20are%20socks.png HTTP/1.1" 404 1682
[30/Nov/2014 04:18:38] "GET /static/img/dresssocks.jpg HTTP/1.1" 200 365700
[30/Nov/2014 04:18:38] "GET /static/img/weedsocks.jpg HTTP/1.1" 200 47336
[30/Nov/2014 04:18:38] "GET /static/img/normalsocks.jpg HTTP/1.1" 200 304725
[30/Nov/2014 04:18:39] "GET /static/img/socksinboots.jpg HTTP/1.1" 200 728546
[30/Nov/2014 04:18:42] "GET /static/img/OSCAR.jpg HTTP/1.1" 200 1868395
[30/Nov/2014 04:18:43] "GET /static/img/SOCKS.png HTTP/1.1" 200 2065277
[01/Dec/2014 04:11:34] "GET / HTTP/1.1" 200 43607
[01/Dec/2014 04:11:34] "GET /static/css/bootstrap/bootstrap.min.css HTTP/1.1" 304 0
[01/Dec/2014 04:11:34] "GET /static/css/bootstrap/custom.css HTTP/1.1" 304 0
[01/Dec/2014 04:11:34] "GET /static/css/plugins/owl-carousel/owl.carousel.css HTTP/1.1" 304 0
[01/Dec/2014 04:11:34] "GET /static/css/plugins/owl-carousel/owl.theme.css HTTP/1.1" 304 0
[01/Dec/2014 04:11:34] "GET /static/css/vitality-red-socks.css HTTP/1.1" 304 0
[01/Dec/2014 04:11:34] "GET /static/css/plugins/jquery.fs.wallpaper.css HTTP/1.1" 304 0
[01/Dec/2014 04:11:34] "GET /static/font-awesome/css/font-awesome.min.css HTTP/1.1" 304 0
[01/Dec/2014 04:11:34] "GET /static/css/plugins/magnific-popup.css HTTP/1.1" 304 0
[01/Dec/2014 04:11:34] "GET /static/js/jquery-1.10.2.js HTTP/1.1" 304 0
[01/Dec/2014 04:11:34] "GET /static/css/plugins/owl-carousel/owl.transitions.css HTTP/1.1" 304 0
[01/Dec/2014 04:11:34] "GET /static/js/plugins/retina/retina.min.js HTTP/1.1" 304 0
[01/Dec/2014 04:11:34] "GET /static/js/bootstrap/bootstrap.min.js HTTP/1.1" 304 0
[01/Dec/2014 04:11:34] "GET /static/js/plugins/classie.js HTTP/1.1" 304 0
[01/Dec/2014 04:11:34] "GET /static/js/plugins/jquery.easing.min.js HTTP/1.1" 304 0
[01/Dec/2014 04:11:34] "GET /static/js/plugins/cbpAnimatedHeader.js HTTP/1.1" 304 0
[01/Dec/2014 04:11:34] "GET /static/js/plugins/jquery.magnific-popup/jquery.magnific-popup.min.js HTTP/1.1" 304 0
[01/Dec/2014 04:11:34] "GET /static/js/plugins/jquery.fs.wallpaper.js HTTP/1.1" 304 0
[01/Dec/2014 04:11:34] "GET /static/js/plugins/jqBootstrapValidation.js HTTP/1.1" 304 0
[01/Dec/2014 04:11:34] "GET /static/js/vitality.js HTTP/1.1" 304 0
[01/Dec/2014 04:11:34] "GET /static/demo/style.switcher.js HTTP/1.1" 304 0
[01/Dec/2014 04:11:34] "GET /static/js/plugins/owl-carousel/owl.carousel.min.js HTTP/1.1" 304 0
[01/Dec/2014 04:11:34] "GET /static/img/socklogosmall.png HTTP/1.1" 304 0
[01/Dec/2014 04:11:34] "GET /static/img/coulter.jpg HTTP/1.1" 304 0
[01/Dec/2014 04:11:34] "GET /static/img/rodman.jpg HTTP/1.1" 304 0
[01/Dec/2014 04:11:34] "GET /static/img/these%20are%20socks.png HTTP/1.1" 404 1682
[01/Dec/2014 04:11:35] "GET /static/font-awesome/fonts/fontawesome-webfont.woff?v=4.0.3 HTTP/1.1" 304 0
[01/Dec/2014 04:11:35] "GET /static/img/OSCAR.jpg HTTP/1.1" 304 0
[01/Dec/2014 04:11:35] "GET /static/img/SOCKS.png HTTP/1.1" 304 0
[01/Dec/2014 04:11:35] "GET /static/img/bg-footer.jpg HTTP/1.1" 304 0
[01/Dec/2014 04:11:35] "GET /static/img/normalsocks.jpg HTTP/1.1" 304 0
[01/Dec/2014 04:11:35] "GET /static/img/dresssocks.jpg HTTP/1.1" 304 0
[01/Dec/2014 04:11:35] "GET /static/img/weedsocks.jpg HTTP/1.1" 304 0
[01/Dec/2014 04:11:37] "GET /static/img/socksinboots.jpg HTTP/1.1" 304 0
